Sun May 25 09:14:00 2014
latexindent.pl version 1.11R, a script to indent .tex files
latexindent.pl lives here: /home/skramer/src/latexindent/

Directory for backup files and indent.log: ./

file: 03-praca-wlasna.tex
Reading defaultSettings.yaml from /home/skramer/src/latexindent/defaultSettings.yaml

Home directory is /home/skramer
To specify user settings you would put indentconfig.yaml here: 
	/home/skramer/indentconfig.yaml


Adding ./localSettings.yaml to paths

Reading USER settings from ./localSettings.yaml
---
indentAfterHeadings:
  chapter:
    indent: 1
    level: 2
  part:
    indent: 0
    level: 1
  section:
    indent: 1
    level: 4
  subsection:
    indent: 1
    level: 6
  subsubsection:
    indent: 1
    level: 8

Line Count of 03-praca-wlasna.tex: 146
Line Count of indented 03-praca-wlasna.tex: 146

Line counts of original file and indented file match